<?xml version="1.0" encoding="UTF-8"?>
<!-- Generated by org.testng.reporters.JUnitReportReporter -->
<testsuite hostname="LAPTOP-DOBLN3AU" failures="0" tests="1" name="com.phase2.apachePOI.DataDriverTestWriteExcel" time="4.861" errors="0" timestamp="2023-10-04T09:22:52 IST" skipped="0">
  <testcase classname="com.phase2.apachePOI.DataDriverTestWriteExcel" name="WriteToExcel" time="4.861"/>
  <system-out/>
</testsuite> <!-- com.phase2.apachePOI.DataDriverTestWriteExcel -->
