<?xml version="1.0" encoding="UTF-8"?>
<!-- Generated by org.testng.reporters.JUnitReportReporter -->
<testsuite hostname="LAPTOP-DOBLN3AU" failures="0" tests="6" name="com.phase2.apachePOI.DataDrivertest2ReadExcel" time="50.748" errors="0" timestamp="2023-10-04T09:29:58 IST" skipped="0">
  <testcase classname="com.phase2.apachePOI.DataDrivertest2ReadExcel" name="createaccountTest" time="11.768"/>
  <system-out/>
  <testcase classname="com.phase2.apachePOI.DataDrivertest2ReadExcel" name="createaccountTest" time="7.828"/>
  <system-out/>
  <testcase classname="com.phase2.apachePOI.DataDrivertest2ReadExcel" name="createaccountTest" time="7.628"/>
  <system-out/>
  <testcase classname="com.phase2.apachePOI.DataDrivertest2ReadExcel" name="createaccountTest" time="8.198"/>
  <system-out/>
  <testcase classname="com.phase2.apachePOI.DataDrivertest2ReadExcel" name="createaccountTest" time="7.539"/>
  <system-out/>
  <testcase classname="com.phase2.apachePOI.DataDrivertest2ReadExcel" name="createaccountTest" time="7.787"/>
  <system-out/>
</testsuite> <!-- com.phase2.apachePOI.DataDrivertest2ReadExcel -->
