<?xml version="1.0" encoding="UTF-8"?>
<!-- Generated by org.testng.reporters.JUnitReportReporter -->
<testsuite hostname="LAPTOP-DOBLN3AU" failures="0" tests="2" name="com.phase2.apachePOI.DataDrivertesting1" time="17.693" errors="0" timestamp="2023-10-04T08:46:49 IST" skipped="0">
  <testcase classname="com.phase2.apachePOI.DataDrivertesting1" name="createaccountTest" time="7.844"/>
  <system-out/>
  <testcase classname="com.phase2.apachePOI.DataDrivertesting1" name="createaccountTest" time="9.849"/>
  <system-out/>
</testsuite> <!-- com.phase2.apachePOI.DataDrivertesting1 -->
